#
# There is insufficient memory for the Java Runtime Environment to continue.
# Native memory allocation (malloc) failed to allocate 709936 bytes for Chunk::new
# Possible reasons:
#   The system is out of physical RAM or swap space
#   The process is running with CompressedOops enabled, and the Java Heap may be blocking the growth of the native heap
# Possible solutions:
#   Reduce memory load on the system
#   Increase physical memory or swap space
#   Check if swap backing store is full
#   Decrease Java heap size (-Xmx/-Xms)
#   Decrease number of Java threads
#   Decrease Java thread stack sizes (-Xss)
#   Set larger code cache with -XX:ReservedCodeCacheSize=
#   JVM is running with Unscaled Compressed Oops mode in which the Java heap is
#     placed in the first 4GB address space. The Java Heap base address is the
#     maximum limit for the native heap growth. Please use -XX:HeapBaseMinAddress
#     to set the Java Heap base and to place the Java Heap above 4GB virtual address.
# This output file may be truncated or incomplete.
#
#  Out of Memory Error (arena.cpp:189), pid=7136, tid=10048
#
# JRE version: OpenJDK Runtime Environment Corretto-17.0.6.10.1 (17.0.6+10) (build 17.0.6+10-LTS)
# Java VM: OpenJDK 64-Bit Server VM Corretto-17.0.6.10.1 (17.0.6+10-LTS, mixed mode, sharing, tiered, compressed oops, compressed class ptrs, g1 gc, windows-amd64)
# No core dump will be written. Minidumps are not enabled by default on client versions of Windows
#

---------------  S U M M A R Y ------------

Command Line: -javaagent:C:\Program Files\JetBrains\IntelliJ IDEA Community Edition 2021.1.2\lib\idea_rt.jar=61071:C:\Program Files\JetBrains\IntelliJ IDEA Community Edition 2021.1.2\bin -Dfile.encoding=UTF-8 semillero.ecosistema.EcosistemaApplication

Host: Intel(R) Core(TM) i5-7200U CPU @ 2.50GHz, 4 cores, 7G,  Windows 10 , 64 bit Build 19041 (10.0.19041.3636)
Time: Fri Nov 17 23:15:34 2023 Hora est. Pacífico, Sudamérica elapsed time: 6.041577 seconds (0d 0h 0m 6s)

---------------  T H R E A D  ---------------

Current thread (0x00000182e0080e60):  JavaThread "C2 CompilerThread1" daemon [_thread_in_native, id=10048, stack(0x0000000a7a800000,0x0000000a7a900000)]


Current CompileTask:
C2:   6041 2972       4       org.springframework.core.annotation.MergedAnnotationsCollection::find (169 bytes)

Stack: [0x0000000a7a800000,0x0000000a7a900000]
Native frames: (J=compiled Java code, j=interpreted, Vv=VM code, C=native code)
V  [jvm.dll+0x64b39a]
V  [jvm.dll+0x7ff044]
V  [jvm.dll+0x8007fe]
V  [jvm.dll+0x800e53]
V  [jvm.dll+0x235848]
V  [jvm.dll+0xbce6c]
V  [jvm.dll+0xbd44c]
V  [jvm.dll+0x34f252]
V  [jvm.dll+0x1b0700]
V  [jvm.dll+0x209d8f]
V  [jvm.dll+0x209237]
V  [jvm.dll+0x19926d]
V  [jvm.dll+0x2185dd]
V  [jvm.dll+0x216824]
V  [jvm.dll+0x7b77bb]
V  [jvm.dll+0x7b1d6a]
V  [jvm.dll+0x64a265]
C  [ucrtbase.dll+0x21bb2]
C  [KERNEL32.DLL+0x17344]
C  [ntdll.dll+0x526b1]


---------------  P R O C E S S  ---------------

Threads class SMR info:
_java_thread_list=0x00000182e08d3240, length=16, elements={
0x00000182bea8a340, 0x00000182de4271f0, 0x00000182de428060, 0x00000182de4388e0,
0x00000182de439490, 0x00000182de43be50, 0x00000182de43c800, 0x00000182de43d590,
0x00000182de442040, 0x00000182de4ac520, 0x00000182df01a060, 0x00000182df3f5c30,
0x00000182df3f6100, 0x00000182dfccc110, 0x00000182dfc53af0, 0x00000182e0080e60
}

Java Threads: ( => current thread )
  0x00000182bea8a340 JavaThread "main" [_thread_blocked, id=9200, stack(0x0000000a78d00000,0x0000000a78e00000)]
  0x00000182de4271f0 JavaThread "Reference Handler" daemon [_thread_blocked, id=2968, stack(0x0000000a79400000,0x0000000a79500000)]
  0x00000182de428060 JavaThread "Finalizer" daemon [_thread_blocked, id=7632, stack(0x0000000a79500000,0x0000000a79600000)]
  0x00000182de4388e0 JavaThread "Signal Dispatcher" daemon [_thread_blocked, id=4400, stack(0x0000000a79600000,0x0000000a79700000)]
  0x00000182de439490 JavaThread "Attach Listener" daemon [_thread_blocked, id=6532, stack(0x0000000a79700000,0x0000000a79800000)]
  0x00000182de43be50 JavaThread "Service Thread" daemon [_thread_blocked, id=3996, stack(0x0000000a79800000,0x0000000a79900000)]
  0x00000182de43c800 JavaThread "Monitor Deflation Thread" daemon [_thread_blocked, id=2500, stack(0x0000000a79900000,0x0000000a79a00000)]
  0x00000182de43d590 JavaThread "C2 CompilerThread0" daemon [_thread_in_native, id=8428, stack(0x0000000a79a00000,0x0000000a79b00000)]
  0x00000182de442040 JavaThread "C1 CompilerThread0" daemon [_thread_blocked, id=5888, stack(0x0000000a79b00000,0x0000000a79c00000)]
  0x00000182de4ac520 JavaThread "Sweeper thread" daemon [_thread_blocked, id=12516, stack(0x0000000a79c00000,0x0000000a79d00000)]
  0x00000182df01a060 JavaThread "Common-Cleaner" daemon [_thread_blocked, id=8888, stack(0x0000000a79d00000,0x0000000a79e00000)]
  0x00000182df3f5c30 JavaThread "Monitor Ctrl-Break" daemon [_thread_in_native, id=10356, stack(0x0000000a79e00000,0x0000000a79f00000)]
  0x00000182df3f6100 JavaThread "Notification Thread" daemon [_thread_blocked, id=5616, stack(0x0000000a79f00000,0x0000000a7a000000)]
  0x00000182dfccc110 JavaThread "Thread-0" [_thread_blocked, id=4760, stack(0x0000000a7a100000,0x0000000a7a200000)]
  0x00000182dfc53af0 JavaThread "restartedMain" [_thread_in_Java, id=11504, stack(0x0000000a7a600000,0x0000000a7a700000)]
=>0x00000182e0080e60 JavaThread "C2 CompilerThread1" daemon [_thread_in_native, id=10048, stack(0x0000000a7a800000,0x0000000a7a900000)]

Other Threads:
  0x00000182de41f180 VMThread "VM Thread" [stack: 0x0000000a79300000,0x0000000a79400000] [id=9364]
  0x00000182bea8b2f0 WatcherThread [stack: 0x0000000a7a000000,0x0000000a7a100000] [id=10888]
  0x00000182beadfc70 GCTaskThread "GC Thread#0" [stack: 0x0000000a78e00000,0x0000000a78f00000] [id=7568]
  0x00000182dfe2d910 GCTaskThread "GC Thread#1" [stack: 0x0000000a7a200000,0x0000000a7a300000] [id=6604]
  0x00000182e0004540 GCTaskThread "GC Thread#2" [stack: 0x0000000a7a300000,0x0000000a7a400000] [id=11380]
  0x00000182df664c60 GCTaskThread "GC Thread#3" [stack: 0x0000000a7a400000,0x0000000a7a500000] [id=12440]
  0x00000182beaf07f0 ConcurrentGCThread "G1 Main Marker" [stack: 0x0000000a78f00000,0x0000000a79000000] [id=6844]
  0x00000182beaf1200 ConcurrentGCThread "G1 Conc#0" [stack: 0x0000000a79000000,0x0000000a79100000] [id=4984]
  0x00000182beb44970 ConcurrentGCThread "G1 Refine#0" [stack: 0x0000000a79100000,0x0000000a79200000] [id=11136]
  0x00000182df682240 ConcurrentGCThread "G1 Refine#1" [stack: 0x0000000a7a500000,0x0000000a7a600000] [id=3948]
  0x00000182beb463a0 ConcurrentGCThread "G1 Service" [stack: 0x0000000a79200000,0x0000000a79300000] [id=9544]

Threads with active compile tasks:
C2 CompilerThread0     6078 3022       4       sun.reflect.annotation.AnnotationInvocationHandler::invoke (178 bytes)
C2 CompilerThread1     6078 2972       4       org.springframework.core.annotation.MergedAnnotationsCollection::find (169 bytes)

VM state: not at safepoint (normal execution)

VM Mutex/Monitor currently owned by a thread: None

Heap address: 0x0000000081e00000, size: 2018 MB, Compressed Oops mode: 32-bit

CDS archive(s) mapped at: [0x0000000800000000-0x0000000800bc0000-0x0000000800bc0000), size 12320768, SharedBaseAddress: 0x0000000800000000, ArchiveRelocationMode: 0.
Compressed class space mapped at: 0x0000000800c00000-0x0000000840c00000, reserved size: 1073741824
Narrow klass base: 0x0000000800000000, Narrow klass shift: 0, Narrow klass range: 0x100000000

GC Precious Log:
 CPUs: 4 total, 4 available
 Memory: 8069M
 Large Page Support: Disabled
 NUMA Support: Disabled
 Compressed Oops: Enabled (32-bit)
 Heap Region Size: 1M
 Heap Min Capacity: 8M
 Heap Initial Capacity: 128M
 Heap Max Capacity: 2018M
 Pre-touch: Disabled
 Parallel Workers: 4
 Concurrent Workers: 1
 Concurrent Refinement Workers: 4
 Periodic GC: Disabled

Heap:
 garbage-first heap   total 131072K, used 73940K [0x0000000081e00000, 0x0000000100000000)
  region size 1024K, 68 young (69632K), 3 survivors (3072K)
 Metaspace       used 20390K, committed 20736K, reserved 1073152K
  class space    used 2467K, committed 2624K, reserved 1048576K

Heap Regions: E=young(eden), S=young(survivor), O=old, HS=humongous(starts), HC=humongous(continues), CS=collection set, F=free, OA=open archive, CA=closed archive, TAMS=top-at-mark-start (previous, next)
|   0|0x0000000081e00000, 0x0000000081f00000, 0x0000000081f00000|100%|HS|  |TAMS 0x0000000081e00000, 0x0000000081e00000| Complete 
|   1|0x0000000081f00000, 0x0000000082000000, 0x0000000082000000|100%| O|  |TAMS 0x0000000081f00000, 0x0000000081f00000| Untracked 
|   2|0x0000000082000000, 0x0000000082100000, 0x0000000082100000|100%| O|  |TAMS 0x0000000082000000, 0x0000000082000000| Untracked 
|   3|0x0000000082100000, 0x0000000082200000, 0x0000000082200000|100%| O|  |TAMS 0x0000000082100000, 0x0000000082100000| Untracked 
|   4|0x0000000082200000, 0x0000000082300000, 0x0000000082300000|100%| O|  |TAMS 0x0000000082200000, 0x0000000082200000| Untracked 
|   5|0x0000000082300000, 0x0000000082400000, 0x0000000082400000|100%| O|  |TAMS 0x0000000082300000, 0x0000000082300000| Untracked 
|   6|0x0000000082400000, 0x0000000082500000, 0x0000000082500000|100%| O|  |TAMS 0x0000000082400000, 0x0000000082400000| Untracked 
|   7|0x0000000082500000, 0x000000008251b600, 0x0000000082600000| 10%| O|  |TAMS 0x0000000082500000, 0x0000000082500000| Untracked 
|   8|0x0000000082600000, 0x0000000082600000, 0x0000000082700000|  0%| F|  |TAMS 0x0000000082600000, 0x0000000082600000| Untracked 
|   9|0x0000000082700000, 0x0000000082700000, 0x0000000082800000|  0%| F|  |TAMS 0x0000000082700000, 0x0000000082700000| Untracked 
|  10|0x0000000082800000, 0x0000000082800000, 0x0000000082900000|  0%| F|  |TAMS 0x0000000082800000, 0x0000000082800000| Untracked 
|  11|0x0000000082900000, 0x0000000082900000, 0x0000000082a00000|  0%| F|  |TAMS 0x0000000082900000, 0x0000000082900000| Untracked 
|  12|0x0000000082a00000, 0x0000000082a00000, 0x0000000082b00000|  0%| F|  |TAMS 0x0000000082a00000, 0x0000000082a00000| Untracked 
|  13|0x0000000082b00000, 0x0000000082b00000, 0x0000000082c00000|  0%| F|  |TAMS 0x0000000082b00000, 0x0000000082b00000| Untracked 
|  14|0x0000000082c00000, 0x0000000082c00000, 0x0000000082d00000|  0%| F|  |TAMS 0x0000000082c00000, 0x0000000082c00000| Untracked 
|  15|0x0000000082d00000, 0x0000000082d00000, 0x0000000082e00000|  0%| F|  |TAMS 0x0000000082d00000, 0x0000000082d00000| Untracked 
|  16|0x0000000082e00000, 0x0000000082e00000, 0x0000000082f00000|  0%| F|  |TAMS 0x0000000082e00000, 0x0000000082e00000| Untracked 
|  17|0x0000000082f00000, 0x0000000082f00000, 0x0000000083000000|  0%| F|  |TAMS 0x0000000082f00000, 0x0000000082f00000| Untracked 
|  18|0x0000000083000000, 0x0000000083000000, 0x0000000083100000|  0%| F|  |TAMS 0x0000000083000000, 0x0000000083000000| Untracked 
|  19|0x0000000083100000, 0x0000000083100000, 0x0000000083200000|  0%| F|  |TAMS 0x0000000083100000, 0x0000000083100000| Untracked 
|  20|0x0000000083200000, 0x0000000083200000, 0x0000000083300000|  0%| F|  |TAMS 0x0000000083200000, 0x0000000083200000| Untracked 
|  21|0x0000000083300000, 0x0000000083300000, 0x0000000083400000|  0%| F|  |TAMS 0x0000000083300000, 0x0000000083300000| Untracked 
|  22|0x0000000083400000, 0x0000000083400000, 0x0000000083500000|  0%| F|  |TAMS 0x0000000083400000, 0x0000000083400000| Untracked 
|  23|0x0000000083500000, 0x0000000083500000, 0x0000000083600000|  0%| F|  |TAMS 0x0000000083500000, 0x0000000083500000| Untracked 
|  24|0x0000000083600000, 0x0000000083600000, 0x0000000083700000|  0%| F|  |TAMS 0x0000000083600000, 0x0000000083600000| Untracked 
|  25|0x0000000083700000, 0x0000000083700000, 0x0000000083800000|  0%| F|  |TAMS 0x0000000083700000, 0x0000000083700000| Untracked 
|  26|0x0000000083800000, 0x0000000083800000, 0x0000000083900000|  0%| F|  |TAMS 0x0000000083800000, 0x0000000083800000| Untracked 
|  27|0x0000000083900000, 0x0000000083900000, 0x0000000083a00000|  0%| F|  |TAMS 0x0000000083900000, 0x0000000083900000| Untracked 
|  28|0x0000000083a00000, 0x0000000083a00000, 0x0000000083b00000|  0%| F|  |TAMS 0x0000000083a00000, 0x0000000083a00000| Untracked 
|  29|0x0000000083b00000, 0x0000000083b00000, 0x0000000083c00000|  0%| F|  |TAMS 0x0000000083b00000, 0x0000000083b00000| Untracked 
|  30|0x0000000083c00000, 0x0000000083c00000, 0x0000000083d00000|  0%| F|  |TAMS 0x0000000083c00000, 0x0000000083c00000| Untracked 
|  31|0x0000000083d00000, 0x0000000083d00000, 0x0000000083e00000|  0%| F|  |TAMS 0x0000000083d00000, 0x0000000083d00000| Untracked 
|  32|0x0000000083e00000, 0x0000000083e00000, 0x0000000083f00000|  0%| F|  |TAMS 0x0000000083e00000, 0x0000000083e00000| Untracked 
|  33|0x0000000083f00000, 0x0000000083f00000, 0x0000000084000000|  0%| F|  |TAMS 0x0000000083f00000, 0x0000000083f00000| Untracked 
|  34|0x0000000084000000, 0x0000000084000000, 0x0000000084100000|  0%| F|  |TAMS 0x0000000084000000, 0x0000000084000000| Untracked 
|  35|0x0000000084100000, 0x0000000084100000, 0x0000000084200000|  0%| F|  |TAMS 0x0000000084100000, 0x0000000084100000| Untracked 
|  36|0x0000000084200000, 0x0000000084200000, 0x0000000084300000|  0%| F|  |TAMS 0x0000000084200000, 0x0000000084200000| Untracked 
|  37|0x0000000084300000, 0x0000000084300000, 0x0000000084400000|  0%| F|  |TAMS 0x0000000084300000, 0x0000000084300000| Untracked 
|  38|0x0000000084400000, 0x0000000084400000, 0x0000000084500000|  0%| F|  |TAMS 0x0000000084400000, 0x0000000084400000| Untracked 
|  39|0x0000000084500000, 0x0000000084500000, 0x0000000084600000|  0%| F|  |TAMS 0x0000000084500000, 0x0000000084500000| Untracked 
|  40|0x0000000084600000, 0x0000000084600000, 0x0000000084700000|  0%| F|  |TAMS 0x0000000084600000, 0x0000000084600000| Untracked 
|  41|0x0000000084700000, 0x0000000084700000, 0x0000000084800000|  0%| F|  |TAMS 0x0000000084700000, 0x0000000084700000| Untracked 
|  42|0x0000000084800000, 0x0000000084800000, 0x0000000084900000|  0%| F|  |TAMS 0x0000000084800000, 0x0000000084800000| Untracked 
|  43|0x0000000084900000, 0x0000000084900000, 0x0000000084a00000|  0%| F|  |TAMS 0x0000000084900000, 0x0000000084900000| Untracked 
|  44|0x0000000084a00000, 0x0000000084a00000, 0x0000000084b00000|  0%| F|  |TAMS 0x0000000084a00000, 0x0000000084a00000| Untracked 
|  45|0x0000000084b00000, 0x0000000084b00000, 0x0000000084c00000|  0%| F|  |TAMS 0x0000000084b00000, 0x0000000084b00000| Untracked 
|  46|0x0000000084c00000, 0x0000000084c00000, 0x0000000084d00000|  0%| F|  |TAMS 0x0000000084c00000, 0x0000000084c00000| Untracked 
|  47|0x0000000084d00000, 0x0000000084d00000, 0x0000000084e00000|  0%| F|  |TAMS 0x0000000084d00000, 0x0000000084d00000| Untracked 
|  48|0x0000000084e00000, 0x0000000084e00000, 0x0000000084f00000|  0%| F|  |TAMS 0x0000000084e00000, 0x0000000084e00000| Untracked 
|  49|0x0000000084f00000, 0x0000000084f00000, 0x0000000085000000|  0%| F|  |TAMS 0x0000000084f00000, 0x0000000084f00000| Untracked 
|  50|0x0000000085000000, 0x0000000085000000, 0x0000000085100000|  0%| F|  |TAMS 0x0000000085000000, 0x0000000085000000| Untracked 
|  51|0x0000000085100000, 0x0000000085100000, 0x0000000085200000|  0%| F|  |TAMS 0x0000000085100000, 0x0000000085100000| Untracked 
|  52|0x0000000085200000, 0x0000000085200000, 0x0000000085300000|  0%| F|  |TAMS 0x0000000085200000, 0x0000000085200000| Untracked 
|  53|0x0000000085300000, 0x0000000085300000, 0x0000000085400000|  0%| F|  |TAMS 0x0000000085300000, 0x0000000085300000| Untracked 
|  54|0x0000000085400000, 0x0000000085400000, 0x0000000085500000|  0%| F|  |TAMS 0x0000000085400000, 0x0000000085400000| Untracked 
|  55|0x0000000085500000, 0x0000000085500000, 0x0000000085600000|  0%| F|  |TAMS 0x0000000085500000, 0x0000000085500000| Untracked 
|  56|0x0000000085600000, 0x0000000085600000, 0x0000000085700000|  0%| F|  |TAMS 0x0000000085600000, 0x0000000085600000| Untracked 
|  57|0x0000000085700000, 0x0000000085700000, 0x0000000085800000|  0%| F|  |TAMS 0x0000000085700000, 0x0000000085700000| Untracked 
|  58|0x0000000085800000, 0x0000000085800000, 0x0000000085900000|  0%| F|  |TAMS 0x0000000085800000, 0x0000000085800000| Untracked 
|  59|0x0000000085900000, 0x0000000085900000, 0x0000000085a00000|  0%| F|  |TAMS 0x0000000085900000, 0x0000000085900000| Untracked 
|  60|0x0000000085a00000, 0x0000000085b00000, 0x0000000085b00000|100%| E|  |TAMS 0x0000000085a00000, 0x0000000085a00000| Complete 
|  61|0x0000000085b00000, 0x0000000085c00000, 0x0000000085c00000|100%| E|CS|TAMS 0x0000000085b00000, 0x0000000085b00000| Complete 
|  62|0x0000000085c00000, 0x0000000085d00000, 0x0000000085d00000|100%| E|CS|TAMS 0x0000000085c00000, 0x0000000085c00000| Complete 
|  63|0x0000000085d00000, 0x0000000085e00000, 0x0000000085e00000|100%| E|CS|TAMS 0x0000000085d00000, 0x0000000085d00000| Complete 
|  64|0x0000000085e00000, 0x0000000085f00000, 0x0000000085f00000|100%| E|CS|TAMS 0x0000000085e00000, 0x0000000085e00000| Complete 
|  65|0x0000000085f00000, 0x0000000086000000, 0x0000000086000000|100%| E|CS|TAMS 0x0000000085f00000, 0x0000000085f00000| Complete 
|  66|0x0000000086000000, 0x0000000086100000, 0x0000000086100000|100%| E|CS|TAMS 0x0000000086000000, 0x0000000086000000| Complete 
|  67|0x0000000086100000, 0x0000000086200000, 0x0000000086200000|100%| E|CS|TAMS 0x0000000086100000, 0x0000000086100000| Complete 
|  68|0x0000000086200000, 0x0000000086300000, 0x0000000086300000|100%| E|CS|TAMS 0x0000000086200000, 0x0000000086200000| Complete 
|  69|0x0000000086300000, 0x0000000086400000, 0x0000000086400000|100%| E|CS|TAMS 0x0000000086300000, 0x0000000086300000| Complete 
|  70|0x0000000086400000, 0x0000000086500000, 0x0000000086500000|100%| E|CS|TAMS 0x0000000086400000, 0x0000000086400000| Complete 
|  71|0x0000000086500000, 0x0000000086600000, 0x0000000086600000|100%| E|CS|TAMS 0x0000000086500000, 0x0000000086500000| Complete 
|  72|0x0000000086600000, 0x0000000086700000, 0x0000000086700000|100%| E|CS|TAMS 0x0000000086600000, 0x0000000086600000| Complete 
|  73|0x0000000086700000, 0x0000000086800000, 0x0000000086800000|100%| E|CS|TAMS 0x0000000086700000, 0x0000000086700000| Complete 
|  74|0x0000000086800000, 0x0000000086900000, 0x0000000086900000|100%| E|CS|TAMS 0x0000000086800000, 0x0000000086800000| Complete 
|  75|0x0000000086900000, 0x0000000086a00000, 0x0000000086a00000|100%| E|CS|TAMS 0x0000000086900000, 0x0000000086900000| Complete 
|  76|0x0000000086a00000, 0x0000000086b00000, 0x0000000086b00000|100%| E|CS|TAMS 0x0000000086a00000, 0x0000000086a00000| Complete 
|  77|0x0000000086b00000, 0x0000000086c00000, 0x0000000086c00000|100%| E|CS|TAMS 0x0000000086b00000, 0x0000000086b00000| Complete 
|  78|0x0000000086c00000, 0x0000000086d00000, 0x0000000086d00000|100%| E|CS|TAMS 0x0000000086c00000, 0x0000000086c00000| Complete 
|  79|0x0000000086d00000, 0x0000000086e00000, 0x0000000086e00000|100%| E|CS|TAMS 0x0000000086d00000, 0x0000000086d00000| Complete 
|  80|0x0000000086e00000, 0x0000000086f00000, 0x0000000086f00000|100%| E|CS|TAMS 0x0000000086e00000, 0x0000000086e00000| Complete 
|  81|0x0000000086f00000, 0x0000000087000000, 0x0000000087000000|100%| E|CS|TAMS 0x0000000086f00000, 0x0000000086f00000| Complete 
|  82|0x0000000087000000, 0x0000000087100000, 0x0000000087100000|100%| E|CS|TAMS 0x0000000087000000, 0x0000000087000000| Complete 
|  83|0x0000000087100000, 0x0000000087200000, 0x0000000087200000|100%| E|CS|TAMS 0x0000000087100000, 0x0000000087100000| Complete 
|  84|0x0000000087200000, 0x0000000087300000, 0x0000000087300000|100%| E|CS|TAMS 0x0000000087200000, 0x0000000087200000| Complete 
|  85|0x0000000087300000, 0x0000000087400000, 0x0000000087400000|100%| E|CS|TAMS 0x0000000087300000, 0x0000000087300000| Complete 
|  86|0x0000000087400000, 0x0000000087500000, 0x0000000087500000|100%| E|CS|TAMS 0x0000000087400000, 0x0000000087400000| Complete 
|  87|0x0000000087500000, 0x0000000087600000, 0x0000000087600000|100%| E|CS|TAMS 0x0000000087500000, 0x0000000087500000| Complete 
|  88|0x0000000087600000, 0x0000000087700000, 0x0000000087700000|100%| E|CS|TAMS 0x0000000087600000, 0x0000000087600000| Complete 
|  89|0x0000000087700000, 0x0000000087800000, 0x0000000087800000|100%| E|CS|TAMS 0x0000000087700000, 0x0000000087700000| Complete 
|  90|0x0000000087800000, 0x0000000087900000, 0x0000000087900000|100%| E|CS|TAMS 0x0000000087800000, 0x0000000087800000| Complete 
|  91|0x0000000087900000, 0x0000000087a00000, 0x0000000087a00000|100%| E|CS|TAMS 0x0000000087900000, 0x0000000087900000| Complete 
|  92|0x0000000087a00000, 0x0000000087b00000, 0x0000000087b00000|100%| E|CS|TAMS 0x0000000087a00000, 0x0000000087a00000| Complete 
|  93|0x0000000087b00000, 0x0000000087c00000, 0x0000000087c00000|100%| E|CS|TAMS 0x0000000087b00000, 0x0000000087b00000| Complete 
|  94|0x0000000087c00000, 0x0000000087d00000, 0x0000000087d00000|100%| E|CS|TAMS 0x0000000087c00000, 0x0000000087c00000| Complete 
|  95|0x0000000087d00000, 0x0000000087e00000, 0x0000000087e00000|100%| E|CS|TAMS 0x0000000087d00000, 0x0000000087d00000| Complete 
|  96|0x0000000087e00000, 0x0000000087f00000, 0x0000000087f00000|100%| E|CS|TAMS 0x0000000087e00000, 0x0000000087e00000| Complete 
|  97|0x0000000087f00000, 0x0000000088000000, 0x0000000088000000|100%| E|CS|TAMS 0x0000000087f00000, 0x0000000087f00000| Complete 
|  98|0x0000000088000000, 0x0000000088100000, 0x0000000088100000|100%| E|CS|TAMS 0x0000000088000000, 0x0000000088000000| Complete 
|  99|0x0000000088100000, 0x0000000088200000, 0x0000000088200000|100%| E|CS|TAMS 0x0000000088100000, 0x0000000088100000| Complete 
| 100|0x0000000088200000, 0x0000000088219c60, 0x0000000088300000| 10%| S|CS|TAMS 0x0000000088200000, 0x0000000088200000| Complete 
| 101|0x0000000088300000, 0x0000000088400000, 0x0000000088400000|100%| S|CS|TAMS 0x0000000088300000, 0x0000000088300000| Complete 
| 102|0x0000000088400000, 0x0000000088500000, 0x0000000088500000|100%| S|CS|TAMS 0x0000000088400000, 0x0000000088400000| Complete 
| 103|0x0000000088500000, 0x0000000088600000, 0x0000000088600000|100%| E|CS|TAMS 0x0000000088500000, 0x0000000088500000| Complete 
| 104|0x0000000088600000, 0x0000000088700000, 0x0000000088700000|100%| E|CS|TAMS 0x0000000088600000, 0x0000000088600000| Complete 
| 105|0x0000000088700000, 0x0000000088800000, 0x0000000088800000|100%| E|  |TAMS 0x0000000088700000, 0x0000000088700000| Complete 
| 106|0x0000000088800000, 0x0000000088900000, 0x0000000088900000|100%| E|CS|TAMS 0x0000000088800000, 0x0000000088800000| Complete 
| 107|0x0000000088900000, 0x0000000088a00000, 0x0000000088a00000|100%| E|CS|TAMS 0x0000000088900000, 0x0000000088900000| Complete 
| 108|0x0000000088a00000, 0x0000000088b00000, 0x0000000088b00000|100%| E|CS|TAMS 0x0000000088a00000, 0x0000000088a00000| Complete 
| 109|0x0000000088b00000, 0x0000000088c00000, 0x0000000088c00000|100%| E|CS|TAMS 0x0000000088b00000, 0x0000000088b00000| Complete 
| 110|0x0000000088c00000, 0x0000000088d00000, 0x0000000088d00000|100%| E|CS|TAMS 0x0000000088c00000, 0x0000000088c00000| Complete 
| 111|0x0000000088d00000, 0x0000000088e00000, 0x0000000088e00000|100%| E|CS|TAMS 0x0000000088d00000, 0x0000000088d00000| Complete 
| 112|0x0000000088e00000, 0x0000000088f00000, 0x0000000088f00000|100%| E|CS|TAMS 0x0000000088e00000, 0x0000000088e00000| Complete 
| 113|0x0000000088f00000, 0x0000000089000000, 0x0000000089000000|100%| E|CS|TAMS 0x0000000088f00000, 0x0000000088f00000| Complete 
| 114|0x0000000089000000, 0x0000000089100000, 0x0000000089100000|100%| E|CS|TAMS 0x0000000089000000, 0x0000000089000000| Complete 
| 115|0x0000000089100000, 0x0000000089200000, 0x0000000089200000|100%| E|CS|TAMS 0x0000000089100000, 0x0000000089100000| Complete 
| 116|0x0000000089200000, 0x0000000089300000, 0x0000000089300000|100%| E|CS|TAMS 0x0000000089200000, 0x0000000089200000| Complete 
| 117|0x0000000089300000, 0x0000000089400000, 0x0000000089400000|100%| E|CS|TAMS 0x0000000089300000, 0x0000000089300000| Complete 
| 118|0x0000000089400000, 0x0000000089500000, 0x0000000089500000|100%| E|CS|TAMS 0x0000000089400000, 0x0000000089400000| Complete 
| 119|0x0000000089500000, 0x0000000089600000, 0x0000000089600000|100%| E|CS|TAMS 0x0000000089500000, 0x0000000089500000| Complete 
| 120|0x0000000089600000, 0x0000000089700000, 0x0000000089700000|100%| E|CS|TAMS 0x0000000089600000, 0x0000000089600000| Complete 
| 121|0x0000000089700000, 0x0000000089800000, 0x0000000089800000|100%| E|CS|TAMS 0x0000000089700000, 0x0000000089700000| Complete 
| 122|0x0000000089800000, 0x0000000089900000, 0x0000000089900000|100%| E|CS|TAMS 0x0000000089800000, 0x0000000089800000| Complete 
| 123|0x0000000089900000, 0x0000000089a00000, 0x0000000089a00000|100%| E|CS|TAMS 0x0000000089900000, 0x0000000089900000| Complete 
| 124|0x0000000089a00000, 0x0000000089b00000, 0x0000000089b00000|100%| E|CS|TAMS 0x0000000089a00000, 0x0000000089a00000| Complete 
| 125|0x0000000089b00000, 0x0000000089c00000, 0x0000000089c00000|100%| E|CS|TAMS 0x0000000089b00000, 0x0000000089b00000| Complete 
| 126|0x0000000089c00000, 0x0000000089d00000, 0x0000000089d00000|100%| E|CS|TAMS 0x0000000089c00000, 0x0000000089c00000| Complete 
| 127|0x0000000089d00000, 0x0000000089e00000, 0x0000000089e00000|100%| E|CS|TAMS 0x0000000089d00000, 0x0000000089d00000| Complete 

Card table byte_map: [0x00000182d7760000,0x00000182d7b60000] _byte_map_base: 0x00000182d7351000

Marking Bits (Prev, Next): (CMBitMap*) 0x00000182beae0280, (CMBitMap*) 0x00000182beae02c0
 Prev Bits: [0x00000182d7f60000, 0x00000182d9ee8000)
 Next Bits: [0x00000182d9ef0000, 0x00000182dbe78000)

Polling page: 0x00000182be8d0000

Metaspace:

Usage:
  Non-class:     17.51 MB used.
      Class:      2.41 MB used.
       Both:     19.92 MB used.

Virtual space:
  Non-class space:       24.00 MB reserved,      17.69 MB ( 74%) committed,  3 nodes.
      Class space:        1.00 GB reserved,       2.56 MB ( <1%) committed,  1 nodes.
             Both:        1.02 GB reserved,      20.25 MB (  2%) committed. 

Chunk freelists:
   Non-Class:  2.04 MB
       Class:  1.47 MB
        Both:  3.50 MB

MaxMetaspaceSize: unlimited
CompressedClassSpaceSize: 1.00 GB
Initial GC threshold: 21.00 MB
Current GC threshold: 21.00 MB
CDS: on
MetaspaceReclaimPolicy: balanced
 - commit_granule_bytes: 65536.
 - commit_granule_words: 8192.
 - virtual_space_node_default_size: 1048576.
 - enlarge_chunks_in_place: 1.
 - new_chunks_are_fully_committed: 0.
 - uncommit_free_chunks: 1.
 - use_allocation_guard: 0.
 - handle_deallocations: 1.


Internal statistics:

num_allocs_failed_limit: 0.
num_arena_births: 264.
num_arena_deaths: 0.
num_vsnodes_births: 4.
num_vsnodes_deaths: 0.
num_space_committed: 324.
num_space_uncommitted: 0.
num_chunks_returned_to_freelist: 0.
num_chunks_taken_from_freelist: 962.
num_chunk_merges: 0.
num_chunk_splits: 664.
num_chunks_enlarged: 508.
num_purges: 0.
num_inconsistent_stats: 0.

CodeHeap 'non-profiled nmethods': size=120000Kb used=1387Kb max_used=1387Kb free=118612Kb
 bounds [0x00000182cf810000, 0x00000182cfa80000, 0x00000182d6d40000]
CodeHeap 'profiled nmethods': size=120000Kb used=6586Kb max_used=6586Kb free=113413Kb
 bounds [0x00000182c7d40000, 0x00000182c83b0000, 0x00000182cf270000]
CodeHeap 'non-nmethods': size=5760Kb used=1196Kb max_used=1280Kb free=4563Kb
 bounds [0x00000182cf270000, 0x00000182cf4e0000, 0x00000182cf810000]
 total_blobs=3530 nmethods=3036 adapters=406
 compilation: enabled
              stopped_count=0, restarted_count=0
 full_count=0

Compilation events (20 events):
Event: 5.997 Thread 0x00000182de43d590 2990       4       java.util.concurrent.ConcurrentHashMap::containsKey (14 bytes)
Event: 6.004 Thread 0x00000182de442040 2991       3       java.util.Collections$SetFromMap::isEmpty (10 bytes)
Event: 6.004 Thread 0x00000182de442040 nmethod 2991 0x00000182c8394a90 code [0x00000182c8394c40, 0x00000182c8394e08]
Event: 6.004 Thread 0x00000182de442040 2992       3       org.springframework.util.Assert::notNull (17 bytes)
Event: 6.005 Thread 0x00000182de442040 nmethod 2992 0x00000182c8394f10 code [0x00000182c83950e0, 0x00000182c8395558]
Event: 6.005 Thread 0x00000182de43d590 nmethod 2990 0x00000182cf967790 code [0x00000182cf967920, 0x00000182cf967c18]
Event: 6.006 Thread 0x00000182de442040 2993       3       jdk.internal.reflect.ClassFileAssembler::emitConstantPoolNameAndType (28 bytes)
Event: 6.007 Thread 0x00000182de442040 nmethod 2993 0x00000182c8395710 code [0x00000182c8395940, 0x00000182c8396008]
Event: 6.007 Thread 0x00000182de442040 2994       3       org.springframework.util.ObjectUtils::arrayEquals (272 bytes)
Event: 6.008 Thread 0x00000182de442040 nmethod 2994 0x00000182c8396390 code [0x00000182c8396760, 0x00000182c8399328]
Event: 6.008 Thread 0x00000182de442040 2995       3       org.springframework.core.annotation.AnnotationAttributes::getRequiredAttribute (79 bytes)
Event: 6.010 Thread 0x00000182de442040 nmethod 2995 0x00000182c8399610 code [0x00000182c8399980, 0x00000182c839af78]
Event: 6.010 Thread 0x00000182de442040 2996       3       org.springframework.core.annotation.AnnotationAttributes::assertAttributePresence (12 bytes)
Event: 6.011 Thread 0x00000182de442040 nmethod 2996 0x00000182c839b710 code [0x00000182c839b940, 0x00000182c839c2c8]
Event: 6.011 Thread 0x00000182de442040 2997       3       java.lang.invoke.Invokers$Holder::linkToTargetMethod (11 bytes)
Event: 6.011 Thread 0x00000182de442040 nmethod 2997 0x00000182c839c610 code [0x00000182c839c7c0, 0x00000182c839cc18]
Event: 6.011 Thread 0x00000182de442040 2998       3       org.springframework.beans.factory.support.DefaultListableBeanFactory::containsBeanDefinition (17 bytes)
Event: 6.012 Thread 0x00000182de442040 nmethod 2998 0x00000182c839cd10 code [0x00000182c839cee0, 0x00000182c839d238]
Event: 6.022 Thread 0x00000182de43d590 2999       4       sun.net.www.ParseUtil::encodePath (41 bytes)
Event: 6.027 Thread 0x00000182de43d590 nmethod 2999 0x00000182cf967e90 code [0x00000182cf968020, 0x00000182cf968298]

GC Heap History (6 events):
Event: 1.649 GC heap before
{Heap before GC invocations=0 (full 0):
 garbage-first heap   total 131072K, used 14336K [0x0000000081e00000, 0x0000000100000000)
  region size 1024K, 13 young (13312K), 0 survivors (0K)
 Metaspace       used 3037K, committed 3264K, reserved 1056768K
  class space    used 288K, committed 384K, reserved 1048576K
}
Event: 1.661 GC heap after
{Heap after GC invocations=1 (full 0):
 garbage-first heap   total 131072K, used 7145K [0x0000000081e00000, 0x0000000100000000)
  region size 1024K, 2 young (2048K), 2 survivors (2048K)
 Metaspace       used 3037K, committed 3264K, reserved 1056768K
  class space    used 288K, committed 384K, reserved 1048576K
}
Event: 2.203 GC heap before
{Heap before GC invocations=1 (full 0):
 garbage-first heap   total 131072K, used 15337K [0x0000000081e00000, 0x0000000100000000)
  region size 1024K, 11 young (11264K), 2 survivors (2048K)
 Metaspace       used 4992K, committed 5184K, reserved 1056768K
  class space    used 553K, committed 640K, reserved 1048576K
}
Event: 2.206 GC heap after
{Heap after GC invocations=2 (full 0):
 garbage-first heap   total 131072K, used 7764K [0x0000000081e00000, 0x0000000100000000)
  region size 1024K, 1 young (1024K), 1 survivors (1024K)
 Metaspace       used 4992K, committed 5184K, reserved 1056768K
  class space    used 553K, committed 640K, reserved 1048576K
}
Event: 3.355 GC heap before
{Heap before GC invocations=2 (full 0):
 garbage-first heap   total 131072K, used 31316K [0x0000000081e00000, 0x0000000100000000)
  region size 1024K, 25 young (25600K), 1 survivors (1024K)
 Metaspace       used 11386K, committed 11648K, reserved 1064960K
  class space    used 1367K, committed 1472K, reserved 1048576K
}
Event: 3.360 GC heap after
{Heap after GC invocations=3 (full 0):
 garbage-first heap   total 131072K, used 9428K [0x0000000081e00000, 0x0000000100000000)
  region size 1024K, 3 young (3072K), 3 survivors (3072K)
 Metaspace       used 11386K, committed 11648K, reserved 1064960K
  class space    used 1367K, committed 1472K, reserved 1048576K
}

Dll operation events (11 events):
Event: 0.043 Loaded shared library C:\Program Files\Amazon Corretto\jdk17.0.6_10\bin\java.dll
Event: 0.093 Loaded shared library C:\Program Files\Amazon Corretto\jdk17.0.6_10\bin\jsvml.dll
Event: 0.659 Loaded shared library C:\Program Files\Amazon Corretto\jdk17.0.6_10\bin\zip.dll
Event: 0.670 Loaded shared library C:\Program Files\Amazon Corretto\jdk17.0.6_10\bin\instrument.dll
Event: 0.682 Loaded shared library C:\Program Files\Amazon Corretto\jdk17.0.6_10\bin\net.dll
Event: 0.685 Loaded shared library C:\Program Files\Amazon Corretto\jdk17.0.6_10\bin\nio.dll
Event: 0.690 Loaded shared library C:\Program Files\Amazon Corretto\jdk17.0.6_10\bin\zip.dll
Event: 1.083 Loaded shared library C:\Program Files\JetBrains\IntelliJ IDEA Community Edition 2021.1.2\bin\breakgen64.dll
Event: 1.168 Loaded shared library C:\Program Files\Amazon Corretto\jdk17.0.6_10\bin\jimage.dll
Event: 1.956 Loaded shared library C:\Program Files\Amazon Corretto\jdk17.0.6_10\bin\management.dll
Event: 1.966 Loaded shared library C:\Program Files\Amazon Corretto\jdk17.0.6_10\bin\management_ext.dll

Deoptimization events (20 events):
Event: 5.624 Thread 0x00000182dfc53af0 Uncommon trap: trap_request=0xffffffc6 fr.pc=0x00000182cf91222c relative=0x000000000000046c
Event: 5.624 Thread 0x00000182dfc53af0 Uncommon trap: reason=bimorphic_or_optimized_type_check action=maybe_recompile pc=0x00000182cf91222c method=java.util.ArrayList.indexOfRange(Ljava/lang/Object;II)I @ 54 c2
Event: 5.624 Thread 0x00000182dfc53af0 DEOPT PACKING pc=0x00000182cf91222c sp=0x0000000a7a6fd310
Event: 5.624 Thread 0x00000182dfc53af0 DEOPT UNPACKING pc=0x00000182cf2c69a3 sp=0x0000000a7a6fd298 mode 2
Event: 5.625 Thread 0x00000182dfc53af0 Uncommon trap: trap_request=0xffffffc6 fr.pc=0x00000182cf91222c relative=0x000000000000046c
Event: 5.625 Thread 0x00000182dfc53af0 Uncommon trap: reason=bimorphic_or_optimized_type_check action=maybe_recompile pc=0x00000182cf91222c method=java.util.ArrayList.indexOfRange(Ljava/lang/Object;II)I @ 54 c2
Event: 5.626 Thread 0x00000182dfc53af0 DEOPT PACKING pc=0x00000182cf91222c sp=0x0000000a7a6fd310
Event: 5.626 Thread 0x00000182dfc53af0 DEOPT UNPACKING pc=0x00000182cf2c69a3 sp=0x0000000a7a6fd298 mode 2
Event: 5.645 Thread 0x00000182dfc53af0 Uncommon trap: trap_request=0xffffff45 fr.pc=0x00000182cf92a840 relative=0x00000000000023c0
Event: 5.645 Thread 0x00000182dfc53af0 Uncommon trap: reason=unstable_if action=reinterpret pc=0x00000182cf92a840 method=jdk.internal.jimage.ImageLocation.verifyName(Ljava/lang/String;Ljava/lang/String;IIIIIILjdk/internal/jimage/ImageStrings;)Z @ 27 c2
Event: 5.645 Thread 0x00000182dfc53af0 DEOPT PACKING pc=0x00000182cf92a840 sp=0x0000000a7a6fcb20
Event: 5.645 Thread 0x00000182dfc53af0 DEOPT UNPACKING pc=0x00000182cf2c69a3 sp=0x0000000a7a6fc848 mode 2
Event: 5.765 Thread 0x00000182dfc53af0 Uncommon trap: trap_request=0xffffffcc fr.pc=0x00000182cf95b384 relative=0x0000000000000364
Event: 5.765 Thread 0x00000182dfc53af0 Uncommon trap: reason=intrinsic_or_type_checked_inlining action=make_not_entrant pc=0x00000182cf95b384 method=java.util.Arrays.copyOf([Ljava/lang/Object;ILjava/lang/Class;)[Ljava/lang/Object; @ 35 c2
Event: 5.765 Thread 0x00000182dfc53af0 DEOPT PACKING pc=0x00000182cf95b384 sp=0x0000000a7a6fd2a0
Event: 5.765 Thread 0x00000182dfc53af0 DEOPT UNPACKING pc=0x00000182cf2c69a3 sp=0x0000000a7a6fd230 mode 2
Event: 5.895 Thread 0x00000182dfc53af0 Uncommon trap: trap_request=0xffffff45 fr.pc=0x00000182cf8dac74 relative=0x0000000000005c14
Event: 5.895 Thread 0x00000182dfc53af0 Uncommon trap: reason=unstable_if action=reinterpret pc=0x00000182cf8dac74 method=jdk.internal.org.objectweb.asm.SymbolTable.addType(Ljava/lang/String;)I @ 33 c2
Event: 5.895 Thread 0x00000182dfc53af0 DEOPT PACKING pc=0x00000182cf8dac74 sp=0x0000000a7a6fcba0
Event: 5.895 Thread 0x00000182dfc53af0 DEOPT UNPACKING pc=0x00000182cf2c69a3 sp=0x0000000a7a6fcac8 mode 2

Classes unloaded (0 events):
No events

Classes redefined (0 events):
No events

Internal exceptions (20 events):
Event: 2.937 Thread 0x00000182dfc53af0 Exception <a 'java/lang/NoSuchMethodError'{0x0000000089001338}: 'void java.lang.invoke.DirectMethodHandle$Holder.invokeStaticInit(java.lang.Object, java.lang.Object, java.lang.Object)'> (0x0000000089001338) 
thrown [s\src\hotspot\share\interpreter\linkResolver.cpp, line 759]
Event: 2.946 Thread 0x00000182dfc53af0 Exception <a 'java/lang/NoSuchMethodError'{0x000000008903e840}: 'java.lang.Object java.lang.invoke.DirectMethodHandle$Holder.invokeStatic(java.lang.Object, java.lang.Object, long, java.lang.Object)'> (0x000000008903e840) 
thrown [s\src\hotspot\share\interpreter\linkResolver.cpp, line 759]
Event: 2.947 Thread 0x00000182dfc53af0 Exception <a 'java/lang/NoSuchMethodError'{0x00000000890422d8}: 'java.lang.Object java.lang.invoke.DirectMethodHandle$Holder.invokeStaticInit(java.lang.Object, java.lang.Object, long, java.lang.Object)'> (0x00000000890422d8) 
thrown [s\src\hotspot\share\interpreter\linkResolver.cpp, line 759]
Event: 2.950 Thread 0x00000182dfc53af0 Exception <a 'java/lang/NoSuchMethodError'{0x00000000890489e0}: 'java.lang.Object java.lang.invoke.DirectMethodHandle$Holder.newInvokeSpecial(java.lang.Object, java.lang.Object, long)'> (0x00000000890489e0) 
thrown [s\src\hotspot\share\interpreter\linkResolver.cpp, line 759]
Event: 2.951 Thread 0x00000182dfc53af0 Exception <a 'java/lang/NoSuchMethodError'{0x000000008904c8b8}: 'java.lang.Object java.lang.invoke.Invokers$Holder.linkToTargetMethod(java.lang.Object, long, java.lang.Object)'> (0x000000008904c8b8) 
thrown [s\src\hotspot\share\interpreter\linkResolver.cpp, line 759]
Event: 2.984 Thread 0x00000182dfc53af0 Exception <a 'java/lang/NoSuchMethodError'{0x000000008909afc0}: 'void java.lang.invoke.DirectMethodHandle$Holder.invokeVirtual(java.lang.Object, java.lang.Object, java.lang.Object, java.lang.Object)'> (0x000000008909afc0) 
thrown [s\src\hotspot\share\interpreter\linkResolver.cpp, line 759]
Event: 3.069 Thread 0x00000182dfc53af0 Exception <a 'java/lang/NoSuchMethodError'{0x0000000088fef410}: 'void java.lang.invoke.DirectMethodHandle$Holder.invokeSpecial(java.lang.Object, java.lang.Object, java.lang.Object)'> (0x0000000088fef410) 
thrown [s\src\hotspot\share\interpreter\linkResolver.cpp, line 759]
Event: 3.070 Thread 0x00000182dfc53af0 Exception <a 'java/lang/NoSuchMethodError'{0x0000000088ff59e8}: 'void java.lang.invoke.DirectMethodHandle$Holder.invokeSpecial(java.lang.Object, java.lang.Object, java.lang.Object, java.lang.Object, java.lang.Object)'> (0x0000000088ff59e8) 
thrown [s\src\hotspot\share\interpreter\linkResolver.cpp, line 759]
Event: 3.086 Thread 0x00000182dfc53af0 Exception <a 'java/lang/IncompatibleClassChangeError'{0x0000000088e24310}: Found class java.lang.Object, but interface was expected> (0x0000000088e24310) 
thrown [s\src\hotspot\share\interpreter\linkResolver.cpp, line 826]
Event: 3.809 Thread 0x00000182dfc53af0 Exception <a 'sun/nio/fs/WindowsException'{0x00000000890eb8d8}> (0x00000000890eb8d8) 
thrown [s\src\hotspot\share\prims\jni.cpp, line 516]
Event: 3.811 Thread 0x00000182dfc53af0 Exception <a 'java/lang/NoSuchMethodError'{0x00000000890ed210}: 'int java.lang.invoke.DirectMethodHandle$Holder.invokeSpecial(java.lang.Object, java.lang.Object, java.lang.Object, java.lang.Object, java.lang.Object)'> (0x00000000890ed210) 
thrown [s\src\hotspot\share\interpreter\linkResolver.cpp, line 759]
Event: 3.815 Thread 0x00000182dfc53af0 Exception <a 'java/lang/NoSuchMethodError'{0x00000000890f5fc8}: 'void java.lang.invoke.DirectMethodHandle$Holder.invokeVirtual(java.lang.Object, java.lang.Object)'> (0x00000000890f5fc8) 
thrown [s\src\hotspot\share\interpreter\linkResolver.cpp, line 759]
Event: 3.883 Thread 0x00000182dfd04a30 Exception <a 'java/lang/NoSuchMethodError'{0x0000000088e957e8}: 'long java.lang.invoke.DirectMethodHandle$Holder.invokeSpecial(java.lang.Object, java.lang.Object)'> (0x0000000088e957e8) 
thrown [s\src\hotspot\share\interpreter\linkResolver.cpp, line 759]
Event: 3.885 Thread 0x00000182dfd04a30 Exception <a 'java/lang/NoSuchMethodError'{0x0000000088ea0a10}: 'long java.lang.invoke.DirectMethodHandle$Holder.invokeStatic(java.lang.Object, java.lang.Object)'> (0x0000000088ea0a10) 
thrown [s\src\hotspot\share\interpreter\linkResolver.cpp, line 759]
Event: 3.886 Thread 0x00000182dfd04a30 Exception <a 'java/lang/NoSuchMethodError'{0x0000000088ea4010}: 'long java.lang.invoke.DirectMethodHandle$Holder.invokeStaticInit(java.lang.Object, java.lang.Object)'> (0x0000000088ea4010) 
thrown [s\src\hotspot\share\interpreter\linkResolver.cpp, line 759]
Event: 3.888 Thread 0x00000182dfd04a30 Exception <a 'java/lang/NoSuchMethodError'{0x0000000088eb1bb8}: 'long java.lang.invoke.DirectMethodHandle$Holder.invokeInterface(java.lang.Object, java.lang.Object)'> (0x0000000088eb1bb8) 
thrown [s\src\hotspot\share\interpreter\linkResolver.cpp, line 759]
Event: 3.889 Thread 0x00000182dfd04a30 Exception <a 'java/lang/IncompatibleClassChangeError'{0x0000000088eb5148}: Found class java.lang.Object, but interface was expected> (0x0000000088eb5148) 
thrown [s\src\hotspot\share\interpreter\linkResolver.cpp, line 826]
Event: 3.932 Thread 0x00000182dfd04a30 Exception <a 'java/lang/NoSuchMethodError'{0x0000000088dd21e0}: 'java.lang.Object java.lang.invoke.DirectMethodHandle$Holder.invokeVirtual(java.lang.Object, java.lang.Object, java.lang.Object, java.lang.Object)'> (0x0000000088dd21e0) 
thrown [s\src\hotspot\share\interpreter\linkResolver.cpp, line 759]
Event: 4.336 Thread 0x00000182e04e4af0 Exception <a 'java/lang/NoClassDefFoundError'{0x00000000886f2408}: org/glassfish/jersey/server/monitoring/ApplicationEventListener> (0x00000000886f2408) 
thrown [s\src\hotspot\share\classfile\systemDictionary.cpp, line 245]
Event: 4.442 Thread 0x00000182dfc53af0 Exception <a 'java/lang/IncompatibleClassChangeError'{0x0000000087f4a720}: Found class java.lang.Object, but interface was expected> (0x0000000087f4a720) 
thrown [s\src\hotspot\share\interpreter\linkResolver.cpp, line 826]

VM Operations (20 events):
Event: 3.435 Executing VM operation: HandshakeAllThreads
Event: 3.435 Executing VM operation: HandshakeAllThreads done
Event: 3.600 Executing VM operation: HandshakeAllThreads
Event: 3.601 Executing VM operation: HandshakeAllThreads done
Event: 3.702 Executing VM operation: HandshakeAllThreads
Event: 3.702 Executing VM operation: HandshakeAllThreads done
Event: 3.756 Executing VM operation: HandshakeAllThreads
Event: 3.757 Executing VM operation: HandshakeAllThreads done
Event: 3.840 Executing VM operation: HandshakeAllThreads
Event: 3.840 Executing VM operation: HandshakeAllThreads done
Event: 4.577 Executing VM operation: ICBufferFull
Event: 4.577 Executing VM operation: ICBufferFull done
Event: 5.222 Executing VM operation: ICBufferFull
Event: 5.223 Executing VM operation: ICBufferFull done
Event: 5.482 Executing VM operation: HandshakeAllThreads
Event: 5.482 Executing VM operation: HandshakeAllThreads done
Event: 5.871 Executing VM operation: HandshakeAllThreads
Event: 5.871 Executing VM operation: HandshakeAllThreads done
Event: 5.916 Executing VM operation: ICBufferFull
Event: 5.916 Executing VM operation: ICBufferFull done

Events (20 events):
Event: 3.859 loading class java/util/regex/Pattern$Pos done
Event: 3.896 loading class java/lang/AssertionError
Event: 3.896 loading class java/lang/AssertionError done
Event: 3.937 Thread 0x00000182dfd04a30 Thread exited: 0x00000182dfd04a30
Event: 4.175 Thread 0x00000182e04e4af0 Thread added: 0x00000182e04e4af0
Event: 4.208 loading class javax/naming/ldap/LdapContext
Event: 4.208 loading class javax/naming/directory/DirContext
Event: 4.208 loading class javax/naming/directory/DirContext done
Event: 4.208 loading class javax/naming/ldap/LdapContext done
Event: 4.338 loading class javax/naming/Referenceable
Event: 4.338 loading class javax/naming/Referenceable done
Event: 4.416 Thread 0x00000182e04e4af0 Thread exited: 0x00000182e04e4af0
Event: 5.103 loading class java/beans/PropertyVetoException
Event: 5.103 loading class java/beans/PropertyVetoException done
Event: 5.148 loading class java/nio/charset/CharacterCodingException
Event: 5.148 loading class java/nio/charset/CharacterCodingException done
Event: 5.578 loading class java/nio/charset/UnsupportedCharsetException
Event: 5.578 loading class java/nio/charset/UnsupportedCharsetException done
Event: 5.578 loading class java/security/SecureRandom
Event: 5.578 loading class java/security/SecureRandom done


Dynamic libraries:
0x00007ff68fcb0000 - 0x00007ff68fcbd000 	C:\Program Files\Amazon Corretto\jdk17.0.6_10\bin\java.exe
0x00007ffca3570000 - 0x00007ffca3768000 	C:\Windows\SYSTEM32\ntdll.dll
0x00007ffca2cb0000 - 0x00007ffca2d6d000 	C:\Windows\System32\KERNEL32.DLL
0x00007ffca0ff0000 - 0x00007ffca12e6000 	C:\Windows\System32\KERNELBASE.dll
0x00007ffca1450000 - 0x00007ffca1550000 	C:\Windows\System32\ucrtbase.dll
0x00007ffc9b1a0000 - 0x00007ffc9b1b5000 	C:\Program Files\Amazon Corretto\jdk17.0.6_10\bin\VCRUNTIME140.dll
0x00007ffc9b1c0000 - 0x00007ffc9b1d7000 	C:\Program Files\Amazon Corretto\jdk17.0.6_10\bin\jli.dll
0x00007ffca23a0000 - 0x00007ffca253e000 	C:\Windows\System32\USER32.dll
0x00007ffca15a0000 - 0x00007ffca15c2000 	C:\Windows\System32\win32u.dll
0x00007ffca3450000 - 0x00007ffca347c000 	C:\Windows\System32\GDI32.dll
0x00007ffca0d30000 - 0x00007ffca0e4a000 	C:\Windows\System32\gdi32full.dll
0x00007ffca0ec0000 - 0x00007ffca0f5d000 	C:\Windows\System32\msvcp_win.dll
0x00007ffc85fa0000 - 0x00007ffc8623a000 	C:\Windows\WinSxS\amd64_microsoft.windows.common-controls_6595b64144ccf1df_6.0.19041.3636_none_60b6a03d71f818d5\COMCTL32.dll
0x00007ffca3150000 - 0x00007ffca31ee000 	C:\Windows\System32\msvcrt.dll
0x00007ffca3120000 - 0x00007ffca3150000 	C:\Windows\System32\IMM32.DLL
0x00007ffc62140000 - 0x00007ffc621db000 	C:\Program Files\Amazon Corretto\jdk17.0.6_10\bin\msvcp140.dll
0x00007ffc55090000 - 0x00007ffc55ca8000 	C:\Program Files\Amazon Corretto\jdk17.0.6_10\bin\server\jvm.dll
0x00007ffca3480000 - 0x00007ffca352f000 	C:\Windows\System32\ADVAPI32.dll
0x00007ffca33b0000 - 0x00007ffca344c000 	C:\Windows\System32\sechost.dll
0x00007ffca1f30000 - 0x00007ffca2056000 	C:\Windows\System32\RPCRT4.dll
0x00007ffc872b0000 - 0x00007ffc872b9000 	C:\Windows\SYSTEM32\WSOCK32.dll
0x00007ffca1ec0000 - 0x00007ffca1f2b000 	C:\Windows\System32\WS2_32.dll
0x00007ffc8b450000 - 0x00007ffc8b477000 	C:\Windows\SYSTEM32\WINMM.dll
0x00007ffc9a980000 - 0x00007ffc9a98a000 	C:\Windows\SYSTEM32\VERSION.dll
0x00007ffc9f460000 - 0x00007ffc9f472000 	C:\Windows\SYSTEM32\kernel.appcore.dll
0x00007ffc9b520000 - 0x00007ffc9b52a000 	C:\Program Files\Amazon Corretto\jdk17.0.6_10\bin\jimage.dll
0x00007ffc9efd0000 - 0x00007ffc9f1b4000 	C:\Windows\SYSTEM32\DBGHELP.DLL
0x00007ffc89b90000 - 0x00007ffc89bc4000 	C:\Windows\SYSTEM32\dbgcore.DLL
0x00007ffca0f60000 - 0x00007ffca0fe2000 	C:\Windows\System32\bcryptPrimitives.dll
0x00007ffc9b050000 - 0x00007ffc9b05e000 	C:\Program Files\Amazon Corretto\jdk17.0.6_10\bin\instrument.dll
0x00007ffc99eb0000 - 0x00007ffc99ed5000 	C:\Program Files\Amazon Corretto\jdk17.0.6_10\bin\java.dll
0x00007ffc5a6f0000 - 0x00007ffc5a7c6000 	C:\Program Files\Amazon Corretto\jdk17.0.6_10\bin\jsvml.dll
0x00007ffca2540000 - 0x00007ffca2c84000 	C:\Windows\System32\SHELL32.dll
0x00007ffc9e820000 - 0x00007ffc9efbb000 	C:\Windows\SYSTEM32\windows.storage.dll
0x00007ffca1b60000 - 0x00007ffca1eb4000 	C:\Windows\System32\combase.dll
0x00007ffca0690000 - 0x00007ffca06bd000 	C:\Windows\SYSTEM32\Wldp.dll
0x00007ffca3070000 - 0x00007ffca311d000 	C:\Windows\System32\SHCORE.dll
0x00007ffca1b00000 - 0x00007ffca1b55000 	C:\Windows\System32\shlwapi.dll
0x00007ffca0b80000 - 0x00007ffca0ba5000 	C:\Windows\SYSTEM32\profapi.dll
0x00007ffc8b480000 - 0x00007ffc8b498000 	C:\Program Files\Amazon Corretto\jdk17.0.6_10\bin\zip.dll
0x00007ffc9b180000 - 0x00007ffc9b199000 	C:\Program Files\Amazon Corretto\jdk17.0.6_10\bin\net.dll
0x00007ffc97330000 - 0x00007ffc9743a000 	C:\Windows\SYSTEM32\WINHTTP.dll
0x00007ffca03d0000 - 0x00007ffca043a000 	C:\Windows\system32\mswsock.dll
0x00007ffc99e40000 - 0x00007ffc99e55000 	C:\Program Files\Amazon Corretto\jdk17.0.6_10\bin\nio.dll
0x00007ffc8b430000 - 0x00007ffc8b44a000 	C:\Program Files\JetBrains\IntelliJ IDEA Community Edition 2021.1.2\bin\breakgen64.dll
0x00007ffc99ea0000 - 0x00007ffc99ea9000 	C:\Program Files\Amazon Corretto\jdk17.0.6_10\bin\management.dll
0x00007ffc99de0000 - 0x00007ffc99deb000 	C:\Program Files\Amazon Corretto\jdk17.0.6_10\bin\management_ext.dll
0x00007ffca33a0000 - 0x00007ffca33a8000 	C:\Windows\System32\PSAPI.DLL

dbghelp: loaded successfully - version: 4.0.5 - missing functions: none
symbol engine: initialized successfully - sym options: 0x614 - pdb path: .;C:\Program Files\Amazon Corretto\jdk17.0.6_10\bin;C:\Windows\SYSTEM32;C:\Windows\WinSxS\amd64_microsoft.windows.common-controls_6595b64144ccf1df_6.0.19041.3636_none_60b6a03d71f818d5;C:\Program Files\Amazon Corretto\jdk17.0.6_10\bin\server;C:\Program Files\JetBrains\IntelliJ IDEA Community Edition 2021.1.2\bin

VM Arguments:
jvm_args: -javaagent:C:\Program Files\JetBrains\IntelliJ IDEA Community Edition 2021.1.2\lib\idea_rt.jar=61071:C:\Program Files\JetBrains\IntelliJ IDEA Community Edition 2021.1.2\bin -Dfile.encoding=UTF-8 
java_command: semillero.ecosistema.EcosistemaApplication
java_class_path (initial): C:\Users\ACER\Desktop\Spring Boot\ecosistema_02_back\target\classes;C:\Users\ACER\.m2\repository\org\springframework\boot\spring-boot-starter-actuator\3.1.4\spring-boot-starter-actuator-3.1.4.jar;C:\Users\ACER\.m2\repository\org\springframework\boot\spring-boot-starter\3.1.4\spring-boot-starter-3.1.4.jar;C:\Users\ACER\.m2\repository\org\springframework\boot\spring-boot-starter-logging\3.1.4\spring-boot-starter-logging-3.1.4.jar;C:\Users\ACER\.m2\repository\ch\qos\logback\logback-classic\1.4.11\logback-classic-1.4.11.jar;C:\Users\ACER\.m2\repository\ch\qos\logback\logback-core\1.4.11\logback-core-1.4.11.jar;C:\Users\ACER\.m2\repository\org\apache\logging\log4j\log4j-to-slf4j\2.20.0\log4j-to-slf4j-2.20.0.jar;C:\Users\ACER\.m2\repository\org\apache\logging\log4j\log4j-api\2.20.0\log4j-api-2.20.0.jar;C:\Users\ACER\.m2\repository\org\slf4j\jul-to-slf4j\2.0.9\jul-to-slf4j-2.0.9.jar;C:\Users\ACER\.m2\repository\org\yaml\snakeyaml\1.33\snakeyaml-1.33.jar;C:\Users\ACER\.m2\repository\org\springframework\boot\spring-boot-actuator-autoconfigure\3.1.4\spring-boot-actuator-autoconfigure-3.1.4.jar;C:\Users\ACER\.m2\repository\org\springframework\boot\spring-boot-actuator\3.1.4\spring-boot-actuator-3.1.4.jar;C:\Users\ACER\.m2\repository\com\fasterxml\jackson\core\jackson-databind\2.15.2\jackson-databind-2.15.2.jar;C:\Users\ACER\.m2\repository\com\fasterxml\jackson\core\jackson-core\2.15.2\jackson-core-2.15.2.jar;C:\Users\ACER\.m2\repository\com\fasterxml\jackson\datatype\jackson-datatype-jsr310\2.15.2\jackson-datatype-jsr310-2.15.2.jar;C:\Users\ACER\.m2\repository\io\micrometer\micrometer-observation\1.11.4\micrometer-observation-1.11.4.jar;C:\Users\ACER\.m2\repository\io\micrometer\micrometer-commons\1.11.4\micrometer-commons-1.11.4.jar;C:\Users\ACER\.m2\repository\io\micrometer\micrometer-core\1.11.4\micrometer-core-1.11.4.jar;C:\Users\ACER\.m2\repository\org\hdrhistogram\HdrHistogram\2.1.12\HdrHistogram-2.1.12.jar;C:\Users\ACER\.m2\repository\org\la
Launcher Type: SUN_STANDARD

[Global flags]
     intx CICompilerCount                          = 3                                         {product} {ergonomic}
     uint ConcGCThreads                            = 1                                         {product} {ergonomic}
     uint G1ConcRefinementThreads                  = 4                                         {product} {ergonomic}
   size_t G1HeapRegionSize                         = 1048576                                   {product} {ergonomic}
    uintx GCDrainStackTargetSize                   = 64                                        {product} {ergonomic}
   size_t InitialHeapSize                          = 134217728                                 {product} {ergonomic}
   size_t MarkStackSize                            = 4194304                                   {product} {ergonomic}
   size_t MaxHeapSize                              = 2116026368                                {product} {ergonomic}
   size_t MaxNewSize                               = 1268776960                                {product} {ergonomic}
   size_t MinHeapDeltaBytes                        = 1048576                                   {product} {ergonomic}
   size_t MinHeapSize                              = 8388608                                   {product} {ergonomic}
    uintx NonNMethodCodeHeapSize                   = 5832780                                {pd product} {ergonomic}
    uintx NonProfiledCodeHeapSize                  = 122912730                              {pd product} {ergonomic}
    uintx ProfiledCodeHeapSize                     = 122912730                              {pd product} {ergonomic}
    uintx ReservedCodeCacheSize                    = 251658240                              {pd product} {ergonomic}
     bool SegmentedCodeCache                       = true                                      {product} {ergonomic}
   size_t SoftMaxHeapSize                          = 2116026368                             {manageable} {ergonomic}
     bool UseCompressedClassPointers               = true                           {product lp64_product} {ergonomic}
     bool UseCompressedOops                        = true                           {product lp64_product} {ergonomic}
     bool UseG1GC                                  = true                                      {product} {ergonomic}
     bool UseLargePagesIndividualAllocation        = false                                  {pd product} {ergonomic}

Logging:
Log output configuration:
 #0: stdout all=warning uptime,level,tags
 #1: stderr all=off uptime,level,tags

Environment Variables:
JAVA_HOME=C:\Users\ACER\.jdks\corretto-17.0.6
PATH=C:\app\ACER\product\21c\dbhomeXE\bin;C:\Users\ACER\.jdks\corretto-17.0.6\bin;C:\Program Files\Python310\Scripts\;C:\Program Files\Python310\;C:\Program Files (x86)\Common Files\Oracle\Java\javapath;C:\Windows\system32;C:\Windows;C:\Windows\System32\Wbem;C:\Windows\System32\WindowsPowerShell\v1.0\;C:\Windows\System32\OpenSSH\;C:\Program Files\MATLAB\R2014a\runtime\win64;C:\Program Files\MATLAB\R2014a\bin;C:\Program Files\MATLAB\R2014a\polyspace\bin;C:\Program Files\Microsoft SQL Server\Client SDK\ODBC\170\Tools\Binn\;C:\Program Files (x86)\Microsoft SQL Server\150\Tools\Binn\;C:\Program Files\Microsoft SQL Server\150\Tools\Binn\;C:\Program Files\Microsoft SQL Server\150\DTS\Binn\;C:\Program Files (x86)\Microsoft SQL Server\150\DTS\Binn\;C:\Program Files\Azure Data Studio\bin;C:\Program Files\nodejs\;C:\Program Files\Git\cmd;C:\Users\ACER\Documents\flutter\bin;C:\Program Files\Maven\apache-maven-3.9.5\bin;;C:\Program Files\Docker\Docker\resources\bin;C:\Program Files\MySQL\MySQL Shell 8.0\bin\;C:\Users\ACER\AppData\Local\Microsoft\WindowsApps;C:\Users\ACER\AppData\Local\Programs\Microsoft VS Code\bin;C:\Program Files\Azure Data Studio\bin;C:\Users\ACER\AppData\Roaming\npm;C:\Users\ACER\.jdks\corretto-17.0.6\bin;
USERNAME=ACER
OS=Windows_NT
PROCESSOR_IDENTIFIER=Intel64 Family 6 Model 142 Stepping 9, GenuineIntel
TMP=C:\Users\ACER\AppData\Local\Temp
TEMP=C:\Users\ACER\AppData\Local\Temp



---------------  S Y S T E M  ---------------

OS:
 Windows 10 , 64 bit Build 19041 (10.0.19041.3636)
OS uptime: 0 days 8:02 hours
Hyper-V role detected

CPU: total 4 (initial active 4) (2 cores per cpu, 2 threads per core) family 6 model 142 stepping 9 microcode 0xb4, cx8, cmov, fxsr, ht, mmx, 3dnowpref, sse, sse2, sse3, ssse3, sse4.1, sse4.2, popcnt, lzcnt, tsc, tscinvbit, avx, avx2, aes, erms, clmul, bmi1, bmi2, adx, fma, vzeroupper, clflush, clflushopt, hv

Memory: 4k page, system-wide physical 8069M (1114M free)
TotalPageFile size 12519M (AvailPageFile size 5M)
current process WorkingSet (physical memory assigned to process): 175M, peak: 175M
current process commit charge ("private bytes"): 267M, peak: 273M

vm_info: OpenJDK 64-Bit Server VM (17.0.6+10-LTS) for windows-amd64 JRE (17.0.6+10-LTS), built on Jan 13 2023 22:57:04 by "Administrator" with MS VC++ 15.9 (VS2017)

END.
